[21:38:37] [main/INFO] [GradleStart]: username: clonecommando85
[21:38:37] [main/INFO] [GradleStart]: Extra: []
[21:38:37] [main/INFO] [GradleStart]: Password found, attempting login
[21:38:40] [main/INFO] [GradleStart]: Login Succesful!
[21:38:40] [main/INFO] [GradleStart]: Running with arguments: [--userProperties, {}, --assetsDir, C:/Users/Will Urbowicz/.gradle/caches/minecraft/assets, --assetIndex, 1.7.10, --userType, mojang, --accessToken, {REDACTED}, --version, 1.7.10, --uuid, 2186916d1e4c4750944e63531af50061, --username, clonecommando85, --tweakClass, cpw.mods.fml.common.launcher.FMLTweaker, --tweakClass, net.minecraftforge.gradle.tweakers.CoremodTweaker]
[21:38:40] [main/INFO] [LaunchWrapper]: Loading tweak class name cpw.mods.fml.common.launcher.FMLTweaker
[21:38:40] [main/INFO] [LaunchWrapper]: Using primary tweak class name cpw.mods.fml.common.launcher.FMLTweaker
[21:38:40] [main/INFO] [LaunchWrapper]: Loading tweak class name net.minecraftforge.gradle.tweakers.CoremodTweaker
[21:38:40] [main/INFO] [LaunchWrapper]: Calling tweak class cpw.mods.fml.common.launcher.FMLTweaker
[21:49:35] [main/INFO] [GradleStart]: username: clonecommando85
[21:49:35] [main/INFO] [GradleStart]: Extra: []
[21:49:35] [main/INFO] [GradleStart]: Password found, attempting login
[21:49:37] [main/INFO] [GradleStart]: Login Succesful!
[21:49:37] [main/INFO] [GradleStart]: Found and added coremod: codechicken.core.launch.CodeChickenCorePlugin
[21:49:37] [main/INFO] [GradleStart]: Found and added coremod: codechicken.nei.asm.NEICorePlugin
[21:49:37] [main/INFO] [GradleStart]: Found and added coremod: codechicken.core.launch.DepLoader
[21:49:37] [main/INFO] [GradleStart]: Running with arguments: [--userProperties, {}, --assetsDir, C:/Users/Will Urbowicz/.gradle/caches/minecraft/assets, --assetIndex, 1.7.10, --userType, mojang, --accessToken, {REDACTED}, --version, 1.7.10, --uuid, 2186916d1e4c4750944e63531af50061, --username, clonecommando85, --tweakClass, cpw.mods.fml.common.launcher.FMLTweaker, --tweakClass, net.minecraftforge.gradle.tweakers.CoremodTweaker]
[21:49:37] [main/INFO] [LaunchWrapper]: Loading tweak class name cpw.mods.fml.common.launcher.FMLTweaker
[21:49:37] [main/INFO] [LaunchWrapper]: Using primary tweak class name cpw.mods.fml.common.launcher.FMLTweaker
[21:49:37] [main/INFO] [LaunchWrapper]: Loading tweak class name net.minecraftforge.gradle.tweakers.CoremodTweaker
[21:49:37] [main/INFO] [LaunchWrapper]: Calling tweak class cpw.mods.fml.common.launcher.FMLTweaker
[21:52:09] [main/INFO] [GradleStart]: username: clonecommando85
[21:52:09] [main/INFO] [GradleStart]: Extra: []
[21:52:09] [main/INFO] [GradleStart]: Password found, attempting login
[21:52:11] [main/INFO] [GradleStart]: Login Succesful!
[21:52:11] [main/INFO] [GradleStart]: Running with arguments: [--userProperties, {}, --assetsDir, C:/Users/Will Urbowicz/.gradle/caches/minecraft/assets, --assetIndex, 1.7.10, --userType, mojang, --accessToken, {REDACTED}, --version, 1.7.10, --uuid, 2186916d1e4c4750944e63531af50061, --username, clonecommando85, --tweakClass, cpw.mods.fml.common.launcher.FMLTweaker, --tweakClass, net.minecraftforge.gradle.tweakers.CoremodTweaker]
[21:52:11] [main/INFO] [LaunchWrapper]: Loading tweak class name cpw.mods.fml.common.launcher.FMLTweaker
[21:52:11] [main/INFO] [LaunchWrapper]: Using primary tweak class name cpw.mods.fml.common.launcher.FMLTweaker
[21:52:11] [main/INFO] [LaunchWrapper]: Loading tweak class name net.minecraftforge.gradle.tweakers.CoremodTweaker
[21:52:11] [main/INFO] [LaunchWrapper]: Calling tweak class cpw.mods.fml.common.launcher.FMLTweaker
[21:53:04] [main/INFO] [GradleStart]: username: clonecommando85
[21:53:04] [main/INFO] [GradleStart]: Extra: []
[21:53:04] [main/INFO] [GradleStart]: Password found, attempting login
[21:53:05] [main/INFO] [GradleStart]: Login Succesful!
[21:53:05] [main/INFO] [GradleStart]: Running with arguments: [--userProperties, {}, --assetsDir, C:/Users/Will Urbowicz/.gradle/caches/minecraft/assets, --assetIndex, 1.7.10, --userType, mojang, --accessToken, {REDACTED}, --version, 1.7.10, --uuid, 2186916d1e4c4750944e63531af50061, --username, clonecommando85, --tweakClass, cpw.mods.fml.common.launcher.FMLTweaker, --tweakClass, net.minecraftforge.gradle.tweakers.CoremodTweaker]
[21:53:05] [main/INFO] [LaunchWrapper]: Loading tweak class name cpw.mods.fml.common.launcher.FMLTweaker
[21:53:05] [main/INFO] [LaunchWrapper]: Using primary tweak class name cpw.mods.fml.common.launcher.FMLTweaker
[21:53:05] [main/INFO] [LaunchWrapper]: Loading tweak class name net.minecraftforge.gradle.tweakers.CoremodTweaker
[21:53:05] [main/INFO] [LaunchWrapper]: Calling tweak class cpw.mods.fml.common.launcher.FMLTweaker
[21:58:32] [main/INFO] [GradleStart]: username: clonecommando85
[21:58:32] [main/INFO] [GradleStart]: Extra: []
[21:58:32] [main/INFO] [GradleStart]: Password found, attempting login
[21:58:34] [main/INFO] [GradleStart]: Login Succesful!
[21:58:34] [main/INFO] [GradleStart]: Running with arguments: [--userProperties, {}, --assetsDir, C:/Users/Will Urbowicz/.gradle/caches/minecraft/assets, --assetIndex, 1.7.10, --userType, mojang, --accessToken, {REDACTED}, --version, 1.7.10, --uuid, 2186916d1e4c4750944e63531af50061, --username, clonecommando85, --tweakClass, cpw.mods.fml.common.launcher.FMLTweaker, --tweakClass, net.minecraftforge.gradle.tweakers.CoremodTweaker]
[21:58:34] [main/INFO] [LaunchWrapper]: Loading tweak class name cpw.mods.fml.common.launcher.FMLTweaker
[21:58:34] [main/INFO] [LaunchWrapper]: Using primary tweak class name cpw.mods.fml.common.launcher.FMLTweaker
[21:58:34] [main/INFO] [LaunchWrapper]: Loading tweak class name net.minecraftforge.gradle.tweakers.CoremodTweaker
[21:58:34] [main/INFO] [LaunchWrapper]: Calling tweak class cpw.mods.fml.common.launcher.FMLTweaker
[22:00:28] [main/INFO] [GradleStart]: username: clonecommando85
[22:00:28] [main/INFO] [GradleStart]: Extra: []
[22:00:28] [main/INFO] [GradleStart]: Password found, attempting login
[22:00:30] [main/INFO] [GradleStart]: Login Succesful!
[22:00:30] [main/INFO] [GradleStart]: Running with arguments: [--userProperties, {}, --assetsDir, C:/Users/Will Urbowicz/.gradle/caches/minecraft/assets, --assetIndex, 1.7.10, --userType, mojang, --accessToken, {REDACTED}, --version, 1.7.10, --uuid, 2186916d1e4c4750944e63531af50061, --username, clonecommando85, --tweakClass, cpw.mods.fml.common.launcher.FMLTweaker, --tweakClass, net.minecraftforge.gradle.tweakers.CoremodTweaker]
[22:00:30] [main/INFO] [LaunchWrapper]: Loading tweak class name cpw.mods.fml.common.launcher.FMLTweaker
[22:00:30] [main/INFO] [LaunchWrapper]: Using primary tweak class name cpw.mods.fml.common.launcher.FMLTweaker
[22:00:30] [main/INFO] [LaunchWrapper]: Loading tweak class name net.minecraftforge.gradle.tweakers.CoremodTweaker
[22:00:30] [main/INFO] [LaunchWrapper]: Calling tweak class cpw.mods.fml.common.launcher.FMLTweaker
[22:02:04] [main/INFO] [GradleStart]: username: clonecommando85
[22:02:04] [main/INFO] [GradleStart]: Extra: []
[22:02:04] [main/INFO] [GradleStart]: Password found, attempting login
[22:02:05] [main/INFO] [GradleStart]: Login Succesful!
[22:02:06] [main/INFO] [GradleStart]: Running with arguments: [--userProperties, {}, --assetsDir, C:/Users/Will Urbowicz/.gradle/caches/minecraft/assets, --assetIndex, 1.7.10, --userType, mojang, --accessToken, {REDACTED}, --version, 1.7.10, --uuid, 2186916d1e4c4750944e63531af50061, --username, clonecommando85, --tweakClass, cpw.mods.fml.common.launcher.FMLTweaker, --tweakClass, net.minecraftforge.gradle.tweakers.CoremodTweaker]
[22:02:06] [main/INFO] [LaunchWrapper]: Loading tweak class name cpw.mods.fml.common.launcher.FMLTweaker
[22:02:06] [main/INFO] [LaunchWrapper]: Using primary tweak class name cpw.mods.fml.common.launcher.FMLTweaker
[22:02:06] [main/INFO] [LaunchWrapper]: Loading tweak class name net.minecraftforge.gradle.tweakers.CoremodTweaker
[22:02:06] [main/INFO] [LaunchWrapper]: Calling tweak class cpw.mods.fml.common.launcher.FMLTweaker
[22:07:54] [main/INFO] [GradleStart]: username: clonecommando85
[22:07:54] [main/INFO] [GradleStart]: Extra: []
[22:07:54] [main/INFO] [GradleStart]: Password found, attempting login
[22:07:56] [main/INFO] [GradleStart]: Login Succesful!
[22:07:56] [main/INFO] [GradleStart]: Running with arguments: [--userProperties, {}, --assetsDir, C:/Users/Will Urbowicz/.gradle/caches/minecraft/assets, --assetIndex, 1.7.10, --userType, mojang, --accessToken, {REDACTED}, --version, 1.7.10, --uuid, 2186916d1e4c4750944e63531af50061, --username, clonecommando85, --tweakClass, cpw.mods.fml.common.launcher.FMLTweaker, --tweakClass, net.minecraftforge.gradle.tweakers.CoremodTweaker]
[22:07:56] [main/INFO] [LaunchWrapper]: Loading tweak class name cpw.mods.fml.common.launcher.FMLTweaker
[22:07:56] [main/INFO] [LaunchWrapper]: Using primary tweak class name cpw.mods.fml.common.launcher.FMLTweaker
[22:07:56] [main/INFO] [LaunchWrapper]: Loading tweak class name net.minecraftforge.gradle.tweakers.CoremodTweaker
[22:07:56] [main/INFO] [LaunchWrapper]: Calling tweak class cpw.mods.fml.common.launcher.FMLTweaker
[22:08:21] [main/INFO] [GradleStart]: username: clonecommando85
[22:08:21] [main/INFO] [GradleStart]: Extra: []
[22:08:21] [main/INFO] [GradleStart]: Password found, attempting login
[22:08:23] [main/INFO] [GradleStart]: Login Succesful!
[22:08:23] [main/INFO] [GradleStart]: Running with arguments: [--userProperties, {}, --assetsDir, C:/Users/Will Urbowicz/.gradle/caches/minecraft/assets, --assetIndex, 1.7.10, --userType, mojang, --accessToken, {REDACTED}, --version, 1.7.10, --uuid, 2186916d1e4c4750944e63531af50061, --username, clonecommando85, --tweakClass, cpw.mods.fml.common.launcher.FMLTweaker, --tweakClass, net.minecraftforge.gradle.tweakers.CoremodTweaker]
[22:08:23] [main/INFO] [LaunchWrapper]: Loading tweak class name cpw.mods.fml.common.launcher.FMLTweaker
[22:08:23] [main/INFO] [LaunchWrapper]: Using primary tweak class name cpw.mods.fml.common.launcher.FMLTweaker
[22:08:23] [main/INFO] [LaunchWrapper]: Loading tweak class name net.minecraftforge.gradle.tweakers.CoremodTweaker
[22:08:23] [main/INFO] [LaunchWrapper]: Calling tweak class cpw.mods.fml.common.launcher.FMLTweaker
[22:09:28] [main/INFO] [GradleStart]: username: clonecommando85
[22:09:28] [main/INFO] [GradleStart]: Extra: []
[22:09:28] [main/INFO] [GradleStart]: Password found, attempting login
[22:09:30] [main/INFO] [GradleStart]: Login Succesful!
[22:09:30] [main/INFO] [GradleStart]: Running with arguments: [--userProperties, {}, --assetsDir, C:/Users/Will Urbowicz/.gradle/caches/minecraft/assets, --assetIndex, 1.7.10, --userType, mojang, --accessToken, {REDACTED}, --version, 1.7.10, --uuid, 2186916d1e4c4750944e63531af50061, --username, clonecommando85, --tweakClass, cpw.mods.fml.common.launcher.FMLTweaker, --tweakClass, net.minecraftforge.gradle.tweakers.CoremodTweaker]
[22:09:30] [main/INFO] [LaunchWrapper]: Loading tweak class name cpw.mods.fml.common.launcher.FMLTweaker
[22:09:30] [main/INFO] [LaunchWrapper]: Using primary tweak class name cpw.mods.fml.common.launcher.FMLTweaker
[22:09:30] [main/INFO] [LaunchWrapper]: Loading tweak class name net.minecraftforge.gradle.tweakers.CoremodTweaker
[22:09:30] [main/INFO] [LaunchWrapper]: Calling tweak class cpw.mods.fml.common.launcher.FMLTweaker
[22:10:10] [main/INFO] [GradleStart]: username: clonecommando85
[22:10:10] [main/INFO] [GradleStart]: Extra: []
[22:10:10] [main/INFO] [GradleStart]: Password found, attempting login
[22:10:12] [main/INFO] [GradleStart]: Login Succesful!
[22:10:12] [main/INFO] [GradleStart]: Running with arguments: [--userProperties, {}, --assetsDir, C:/Users/Will Urbowicz/.gradle/caches/minecraft/assets, --assetIndex, 1.7.10, --userType, mojang, --accessToken, {REDACTED}, --version, 1.7.10, --uuid, 2186916d1e4c4750944e63531af50061, --username, clonecommando85, --tweakClass, cpw.mods.fml.common.launcher.FMLTweaker, --tweakClass, net.minecraftforge.gradle.tweakers.CoremodTweaker]
[22:10:12] [main/INFO] [LaunchWrapper]: Loading tweak class name cpw.mods.fml.common.launcher.FMLTweaker
[22:10:12] [main/INFO] [LaunchWrapper]: Using primary tweak class name cpw.mods.fml.common.launcher.FMLTweaker
[22:10:12] [main/INFO] [LaunchWrapper]: Loading tweak class name net.minecraftforge.gradle.tweakers.CoremodTweaker
[22:10:12] [main/INFO] [LaunchWrapper]: Calling tweak class cpw.mods.fml.common.launcher.FMLTweaker
[22:17:45] [main/INFO] [GradleStart]: username: clonecommando85
[22:17:45] [main/INFO] [GradleStart]: Extra: []
[22:17:45] [main/INFO] [GradleStart]: Password found, attempting login
[22:17:47] [main/INFO] [GradleStart]: Login Succesful!
[22:17:47] [main/INFO] [GradleStart]: Running with arguments: [--userProperties, {}, --assetsDir, C:/Users/Will Urbowicz/.gradle/caches/minecraft/assets, --assetIndex, 1.7.10, --userType, mojang, --accessToken, {REDACTED}, --version, 1.7.10, --uuid, 2186916d1e4c4750944e63531af50061, --username, clonecommando85, --tweakClass, cpw.mods.fml.common.launcher.FMLTweaker, --tweakClass, net.minecraftforge.gradle.tweakers.CoremodTweaker]
[22:17:47] [main/INFO] [LaunchWrapper]: Loading tweak class name cpw.mods.fml.common.launcher.FMLTweaker
[22:17:47] [main/INFO] [LaunchWrapper]: Using primary tweak class name cpw.mods.fml.common.launcher.FMLTweaker
[22:17:47] [main/INFO] [LaunchWrapper]: Loading tweak class name net.minecraftforge.gradle.tweakers.CoremodTweaker
[22:17:47] [main/INFO] [LaunchWrapper]: Calling tweak class cpw.mods.fml.common.launcher.FMLTweaker
[22:22:41] [main/INFO] [GradleStart]: username: clonecommando85
[22:22:41] [main/INFO] [GradleStart]: Extra: []
[22:22:41] [main/INFO] [GradleStart]: Password found, attempting login
[22:22:43] [main/INFO] [GradleStart]: Login Succesful!
[22:22:43] [main/INFO] [GradleStart]: Running with arguments: [--userProperties, {}, --assetsDir, C:/Users/Will Urbowicz/.gradle/caches/minecraft/assets, --assetIndex, 1.7.10, --userType, mojang, --accessToken, {REDACTED}, --version, 1.7.10, --uuid, 2186916d1e4c4750944e63531af50061, --username, clonecommando85, --tweakClass, cpw.mods.fml.common.launcher.FMLTweaker, --tweakClass, net.minecraftforge.gradle.tweakers.CoremodTweaker]
[22:22:43] [main/INFO] [LaunchWrapper]: Loading tweak class name cpw.mods.fml.common.launcher.FMLTweaker
[22:22:43] [main/INFO] [LaunchWrapper]: Using primary tweak class name cpw.mods.fml.common.launcher.FMLTweaker
[22:22:43] [main/INFO] [LaunchWrapper]: Loading tweak class name net.minecraftforge.gradle.tweakers.CoremodTweaker
[22:22:43] [main/INFO] [LaunchWrapper]: Calling tweak class cpw.mods.fml.common.launcher.FMLTweaker
[22:25:32] [main/INFO] [GradleStart]: username: clonecommando85
[22:25:32] [main/INFO] [GradleStart]: Extra: []
[22:25:32] [main/INFO] [GradleStart]: Password found, attempting login
[22:25:33] [main/INFO] [GradleStart]: Login Succesful!
[22:25:33] [main/INFO] [GradleStart]: Running with arguments: [--userProperties, {}, --assetsDir, C:/Users/Will Urbowicz/.gradle/caches/minecraft/assets, --assetIndex, 1.7.10, --userType, mojang, --accessToken, {REDACTED}, --version, 1.7.10, --uuid, 2186916d1e4c4750944e63531af50061, --username, clonecommando85, --tweakClass, cpw.mods.fml.common.launcher.FMLTweaker, --tweakClass, net.minecraftforge.gradle.tweakers.CoremodTweaker]
[22:25:34] [main/INFO] [LaunchWrapper]: Loading tweak class name cpw.mods.fml.common.launcher.FMLTweaker
[22:25:34] [main/INFO] [LaunchWrapper]: Using primary tweak class name cpw.mods.fml.common.launcher.FMLTweaker
[22:25:34] [main/INFO] [LaunchWrapper]: Loading tweak class name net.minecraftforge.gradle.tweakers.CoremodTweaker
[22:25:34] [main/INFO] [LaunchWrapper]: Calling tweak class cpw.mods.fml.common.launcher.FMLTweaker
[22:27:21] [main/INFO] [GradleStart]: username: clonecommando85
[22:27:21] [main/INFO] [GradleStart]: Extra: []
[22:27:21] [main/INFO] [GradleStart]: Password found, attempting login
[22:27:23] [main/INFO] [GradleStart]: Login Succesful!
[22:27:23] [main/INFO] [GradleStart]: Running with arguments: [--userProperties, {}, --assetsDir, C:/Users/Will Urbowicz/.gradle/caches/minecraft/assets, --assetIndex, 1.7.10, --userType, mojang, --accessToken, {REDACTED}, --version, 1.7.10, --uuid, 2186916d1e4c4750944e63531af50061, --username, clonecommando85, --tweakClass, cpw.mods.fml.common.launcher.FMLTweaker, --tweakClass, net.minecraftforge.gradle.tweakers.CoremodTweaker]
[22:27:23] [main/INFO] [LaunchWrapper]: Loading tweak class name cpw.mods.fml.common.launcher.FMLTweaker
[22:27:23] [main/INFO] [LaunchWrapper]: Using primary tweak class name cpw.mods.fml.common.launcher.FMLTweaker
[22:27:23] [main/INFO] [LaunchWrapper]: Loading tweak class name net.minecraftforge.gradle.tweakers.CoremodTweaker
[22:27:23] [main/INFO] [LaunchWrapper]: Calling tweak class cpw.mods.fml.common.launcher.FMLTweaker
[22:39:47] [main/INFO] [GradleStart]: username: clonecommando85
[22:39:47] [main/INFO] [GradleStart]: Extra: []
[22:39:47] [main/INFO] [GradleStart]: Password found, attempting login
[22:39:49] [main/INFO] [GradleStart]: Login Succesful!
[22:39:49] [main/INFO] [GradleStart]: Running with arguments: [--userProperties, {}, --assetsDir, C:/Users/Will Urbowicz/.gradle/caches/minecraft/assets, --assetIndex, 1.7.10, --userType, mojang, --accessToken, {REDACTED}, --version, 1.7.10, --uuid, 2186916d1e4c4750944e63531af50061, --username, clonecommando85, --tweakClass, cpw.mods.fml.common.launcher.FMLTweaker, --tweakClass, net.minecraftforge.gradle.tweakers.CoremodTweaker]
[22:39:49] [main/INFO] [LaunchWrapper]: Loading tweak class name cpw.mods.fml.common.launcher.FMLTweaker
[22:39:49] [main/INFO] [LaunchWrapper]: Using primary tweak class name cpw.mods.fml.common.launcher.FMLTweaker
[22:39:49] [main/INFO] [LaunchWrapper]: Loading tweak class name net.minecraftforge.gradle.tweakers.CoremodTweaker
[22:39:49] [main/INFO] [LaunchWrapper]: Calling tweak class cpw.mods.fml.common.launcher.FMLTweaker
[22:40:57] [main/INFO] [GradleStart]: username: clonecommando85
[22:40:57] [main/INFO] [GradleStart]: Extra: []
[22:40:57] [main/INFO] [GradleStart]: Password found, attempting login
[22:40:59] [main/INFO] [GradleStart]: Login Succesful!
[22:40:59] [main/INFO] [GradleStart]: Running with arguments: [--userProperties, {}, --assetsDir, C:/Users/Will Urbowicz/.gradle/caches/minecraft/assets, --assetIndex, 1.7.10, --userType, mojang, --accessToken, {REDACTED}, --version, 1.7.10, --uuid, 2186916d1e4c4750944e63531af50061, --username, clonecommando85, --tweakClass, cpw.mods.fml.common.launcher.FMLTweaker, --tweakClass, net.minecraftforge.gradle.tweakers.CoremodTweaker]
[22:40:59] [main/INFO] [LaunchWrapper]: Loading tweak class name cpw.mods.fml.common.launcher.FMLTweaker
[22:40:59] [main/INFO] [LaunchWrapper]: Using primary tweak class name cpw.mods.fml.common.launcher.FMLTweaker
[22:40:59] [main/INFO] [LaunchWrapper]: Loading tweak class name net.minecraftforge.gradle.tweakers.CoremodTweaker
[22:40:59] [main/INFO] [LaunchWrapper]: Calling tweak class cpw.mods.fml.common.launcher.FMLTweaker
[22:42:53] [main/INFO] [GradleStart]: username: clonecommando85
[22:42:53] [main/INFO] [GradleStart]: Extra: []
[22:42:53] [main/INFO] [GradleStart]: Password found, attempting login
[22:42:55] [main/INFO] [GradleStart]: Login Succesful!
[22:42:55] [main/INFO] [GradleStart]: Running with arguments: [--userProperties, {}, --assetsDir, C:/Users/Will Urbowicz/.gradle/caches/minecraft/assets, --assetIndex, 1.7.10, --userType, mojang, --accessToken, {REDACTED}, --version, 1.7.10, --uuid, 2186916d1e4c4750944e63531af50061, --username, clonecommando85, --tweakClass, cpw.mods.fml.common.launcher.FMLTweaker, --tweakClass, net.minecraftforge.gradle.tweakers.CoremodTweaker]
[22:42:55] [main/INFO] [LaunchWrapper]: Loading tweak class name cpw.mods.fml.common.launcher.FMLTweaker
[22:42:55] [main/INFO] [LaunchWrapper]: Using primary tweak class name cpw.mods.fml.common.launcher.FMLTweaker
[22:42:55] [main/INFO] [LaunchWrapper]: Loading tweak class name net.minecraftforge.gradle.tweakers.CoremodTweaker
[22:42:55] [main/INFO] [LaunchWrapper]: Calling tweak class cpw.mods.fml.common.launcher.FMLTweaker
[09:20:15] [main/INFO] [GradleStart]: username: clonecommando85
[09:20:15] [main/INFO] [GradleStart]: Extra: []
[09:20:15] [main/INFO] [GradleStart]: Password found, attempting login
[09:20:19] [main/INFO] [GradleStart]: Login Succesful!
[09:20:19] [main/INFO] [GradleStart]: Running with arguments: [--userProperties, {}, --assetsDir, C:/Users/Will Urbowicz/.gradle/caches/minecraft/assets, --assetIndex, 1.7.10, --userType, mojang, --accessToken, {REDACTED}, --version, 1.7.10, --uuid, 2186916d1e4c4750944e63531af50061, --username, clonecommando85, --tweakClass, cpw.mods.fml.common.launcher.FMLTweaker, --tweakClass, net.minecraftforge.gradle.tweakers.CoremodTweaker]
[09:20:19] [main/INFO] [LaunchWrapper]: Loading tweak class name cpw.mods.fml.common.launcher.FMLTweaker
[09:20:19] [main/INFO] [LaunchWrapper]: Using primary tweak class name cpw.mods.fml.common.launcher.FMLTweaker
[09:20:19] [main/INFO] [LaunchWrapper]: Loading tweak class name net.minecraftforge.gradle.tweakers.CoremodTweaker
[09:20:19] [main/INFO] [LaunchWrapper]: Calling tweak class cpw.mods.fml.common.launcher.FMLTweaker
[09:20:55] [main/INFO] [GradleStart]: username: clonecommando85
[09:20:55] [main/INFO] [GradleStart]: Extra: []
[09:20:55] [main/INFO] [GradleStart]: Password found, attempting login
[09:21:00] [main/INFO] [GradleStart]: Login Succesful!
[09:21:00] [main/INFO] [GradleStart]: Running with arguments: [--userProperties, {}, --assetsDir, C:/Users/Will Urbowicz/.gradle/caches/minecraft/assets, --assetIndex, 1.7.10, --userType, mojang, --accessToken, {REDACTED}, --version, 1.7.10, --uuid, 2186916d1e4c4750944e63531af50061, --username, clonecommando85, --tweakClass, cpw.mods.fml.common.launcher.FMLTweaker, --tweakClass, net.minecraftforge.gradle.tweakers.CoremodTweaker]
[09:21:01] [main/INFO] [LaunchWrapper]: Loading tweak class name cpw.mods.fml.common.launcher.FMLTweaker
[09:21:01] [main/INFO] [LaunchWrapper]: Using primary tweak class name cpw.mods.fml.common.launcher.FMLTweaker
[09:21:01] [main/INFO] [LaunchWrapper]: Loading tweak class name net.minecraftforge.gradle.tweakers.CoremodTweaker
[09:21:01] [main/INFO] [LaunchWrapper]: Calling tweak class cpw.mods.fml.common.launcher.FMLTweaker
[09:21:37] [main/INFO] [GradleStart]: username: clonecommando85
[09:21:37] [main/INFO] [GradleStart]: Extra: []
[09:21:37] [main/INFO] [GradleStart]: Password found, attempting login
[09:21:38] [main/INFO] [GradleStart]: Login Succesful!
[09:21:38] [main/INFO] [GradleStart]: Running with arguments: [--userProperties, {}, --assetsDir, C:/Users/Will Urbowicz/.gradle/caches/minecraft/assets, --assetIndex, 1.7.10, --userType, mojang, --accessToken, {REDACTED}, --version, 1.7.10, --uuid, 2186916d1e4c4750944e63531af50061, --username, clonecommando85, --tweakClass, cpw.mods.fml.common.launcher.FMLTweaker, --tweakClass, net.minecraftforge.gradle.tweakers.CoremodTweaker]
[09:21:38] [main/INFO] [LaunchWrapper]: Loading tweak class name cpw.mods.fml.common.launcher.FMLTweaker
[09:21:38] [main/INFO] [LaunchWrapper]: Using primary tweak class name cpw.mods.fml.common.launcher.FMLTweaker
[09:21:38] [main/INFO] [LaunchWrapper]: Loading tweak class name net.minecraftforge.gradle.tweakers.CoremodTweaker
[09:21:38] [main/INFO] [LaunchWrapper]: Calling tweak class cpw.mods.fml.common.launcher.FMLTweaker
[09:24:25] [main/INFO] [GradleStart]: username: clonecommando85
[09:24:25] [main/INFO] [GradleStart]: Extra: []
[09:24:25] [main/INFO] [GradleStart]: Password found, attempting login
[09:24:28] [main/INFO] [GradleStart]: Login Succesful!
[09:24:28] [main/INFO] [GradleStart]: Running with arguments: [--userProperties, {}, --assetsDir, C:/Users/Will Urbowicz/.gradle/caches/minecraft/assets, --assetIndex, 1.7.10, --userType, mojang, --accessToken, {REDACTED}, --version, 1.7.10, --uuid, 2186916d1e4c4750944e63531af50061, --username, clonecommando85, --tweakClass, cpw.mods.fml.common.launcher.FMLTweaker, --tweakClass, net.minecraftforge.gradle.tweakers.CoremodTweaker]
[09:24:28] [main/INFO] [LaunchWrapper]: Loading tweak class name cpw.mods.fml.common.launcher.FMLTweaker
[09:24:28] [main/INFO] [LaunchWrapper]: Using primary tweak class name cpw.mods.fml.common.launcher.FMLTweaker
[09:24:28] [main/INFO] [LaunchWrapper]: Loading tweak class name net.minecraftforge.gradle.tweakers.CoremodTweaker
[09:24:28] [main/INFO] [LaunchWrapper]: Calling tweak class cpw.mods.fml.common.launcher.FMLTweaker
[09:27:11] [main/INFO] [GradleStart]: username: clonecommando85
[09:27:11] [main/INFO] [GradleStart]: Extra: []
[09:27:11] [main/INFO] [GradleStart]: Password found, attempting login
[09:27:14] [main/INFO] [GradleStart]: Login Succesful!
[09:27:14] [main/INFO] [GradleStart]: Found and added coremod: codechicken.core.launch.CodeChickenCorePlugin
[09:27:15] [main/INFO] [GradleStart]: Found and added coremod: codechicken.nei.asm.NEICorePlugin
[09:27:15] [main/INFO] [GradleStart]: Found and added coremod: codechicken.core.launch.DepLoader
[09:27:15] [main/INFO] [GradleStart]: Running with arguments: [--userProperties, {}, --assetsDir, C:/Users/Will Urbowicz/.gradle/caches/minecraft/assets, --assetIndex, 1.7.10, --userType, mojang, --accessToken, {REDACTED}, --version, 1.7.10, --uuid, 2186916d1e4c4750944e63531af50061, --username, clonecommando85, --tweakClass, cpw.mods.fml.common.launcher.FMLTweaker, --tweakClass, net.minecraftforge.gradle.tweakers.CoremodTweaker]
[09:27:15] [main/INFO] [LaunchWrapper]: Loading tweak class name cpw.mods.fml.common.launcher.FMLTweaker
[09:27:15] [main/INFO] [LaunchWrapper]: Using primary tweak class name cpw.mods.fml.common.launcher.FMLTweaker
[09:27:15] [main/INFO] [LaunchWrapper]: Loading tweak class name net.minecraftforge.gradle.tweakers.CoremodTweaker
[09:27:15] [main/INFO] [LaunchWrapper]: Calling tweak class cpw.mods.fml.common.launcher.FMLTweaker
[09:29:16] [main/INFO] [GradleStart]: username: clonecommando85
[09:29:16] [main/INFO] [GradleStart]: Extra: []
[09:29:16] [main/INFO] [GradleStart]: Password found, attempting login
[09:29:17] [main/INFO] [GradleStart]: Login Succesful!
[09:29:18] [main/INFO] [GradleStart]: Running with arguments: [--userProperties, {}, --assetsDir, C:/Users/Will Urbowicz/.gradle/caches/minecraft/assets, --assetIndex, 1.7.10, --userType, mojang, --accessToken, {REDACTED}, --version, 1.7.10, --uuid, 2186916d1e4c4750944e63531af50061, --username, clonecommando85, --tweakClass, cpw.mods.fml.common.launcher.FMLTweaker, --tweakClass, net.minecraftforge.gradle.tweakers.CoremodTweaker]
[09:29:18] [main/INFO] [LaunchWrapper]: Loading tweak class name cpw.mods.fml.common.launcher.FMLTweaker
[09:29:18] [main/INFO] [LaunchWrapper]: Using primary tweak class name cpw.mods.fml.common.launcher.FMLTweaker
[09:29:18] [main/INFO] [LaunchWrapper]: Loading tweak class name net.minecraftforge.gradle.tweakers.CoremodTweaker
[09:29:18] [main/INFO] [LaunchWrapper]: Calling tweak class cpw.mods.fml.common.launcher.FMLTweaker
